[0/1] Re-running CMake...
CMake Warning at CMakeLists.txt:106 (message):
  glslangValidator not found - shaders must be compiled manually


-- 
-- === MathVis Engine Configuration ===
-- Version: 0.1.0
-- C++ Standard: 20
-- Build Type: Debug
-- Vulkan: 1.4.328
-- Output: C:/Users/kaush/Downloads/ProjectsCode/Startup VAYU/C++/3dGraphicEngine/build/dev-debug/bin
-- ====================================
-- 
-- Configuring done (3.1s)
-- Generating done (0.0s)
-- Build files have been written to: C:/Users/kaush/Downloads/ProjectsCode/Startup VAYU/C++/3dGraphicEngine/build/dev-debug
[1/12] Building CXX object engine\core\CMakeFiles\engine_core.dir\log.cpp.obj
[2/12] Linking CXX static library lib\engine_core.lib
[3/12] Building CXX object engine\platform\CMakeFiles\engine_platform.dir\window.cpp.obj
FAILED: engine/platform/CMakeFiles/engine_platform.dir/window.cpp.obj 
C:\PROGRA~1\MICROS~3\18\COMMUN~1\VC\Tools\MSVC\1450~1.357\bin\Hostx64\x64\cl.exe  /nologo /TP -DFMT_SHARED -DNOMINMAX -DSPDLOG_COMPILED_LIB -DSPDLOG_FMT_EXTERNAL -DSPDLOG_SHARED_LIB -DWIN32_LEAN_AND_MEAN -I"C:\Users\kaush\Downloads\ProjectsCode\Startup VAYU\C++\3dGraphicEngine\engine\platform" -I"C:\Users\kaush\Downloads\ProjectsCode\Startup VAYU\C++\3dGraphicEngine\engine" -I"C:\Users\kaush\Downloads\ProjectsCode\Startup VAYU\C++\3dGraphicEngine\engine\core" -external:I"C:\Users\kaush\Downloads\ProjectsCode\Startup VAYU\C++\3dGraphicEngine\vcpkg_installed\x64-windows\include" -external:I"C:\Users\kaush\Downloads\ProjectsCode\Startup VAYU\C++\3dGraphicEngine\vcpkg_installed\x64-windows\include\SDL2" -external:W0 /DWIN32 /D_WINDOWS /EHsc /Ob0 /Od /RTC1 -std:c++20 -MDd -Zi /W4 /WX /permissive- /wd4251 /wd4275 /utf-8 /showIncludes /Foengine\platform\CMakeFiles\engine_platform.dir\window.cpp.obj /Fdengine\platform\CMakeFiles\engine_platform.dir\engine_platform.pdb /FS -c "C:\Users\kaush\Downloads\ProjectsCode\Startup VAYU\C++\3dGraphicEngine\engine\platform\window.cpp"
C:\Users\kaush\Downloads\ProjectsCode\Startup VAYU\C++\3dGraphicEngine\vcpkg_installed\x64-windows\include\glm\gtc\quaternion.inl(120): error C3861: 'assert': identifier not found
C:\Users\kaush\Downloads\ProjectsCode\Startup VAYU\C++\3dGraphicEngine\vcpkg_installed\x64-windows\include\glm\gtc\quaternion.inl(120): note: 'assert': function declaration must be available as none of the arguments depend on a template parameter
C:\Users\kaush\Downloads\ProjectsCode\Startup VAYU\C++\3dGraphicEngine\vcpkg_installed\x64-windows\include\glm/gtc/quaternion.hpp(98): note: This diagnostic occurred in the compiler generated function 'glm::qua<T,Q> glm::quat_cast(const glm::mat<3,3,T,Q> &)'
ninja: build stopped: subcommand failed.
