[1/10] Linking CXX static library lib\engine_core.lib
[2/10] Building CXX object engine\platform\CMakeFiles\engine_platform.dir\window.cpp.obj
FAILED: engine/platform/CMakeFiles/engine_platform.dir/window.cpp.obj 
C:\PROGRA~1\MICROS~3\18\COMMUN~1\VC\Tools\MSVC\1450~1.357\bin\Hostx64\x64\cl.exe  /nologo /TP -DFMT_SHARED -DSPDLOG_COMPILED_LIB -DSPDLOG_FMT_EXTERNAL -DSPDLOG_SHARED_LIB -I"C:\Users\kaush\Downloads\ProjectsCode\Startup VAYU\C++\3dGraphicEngine\engine\platform" -I"C:\Users\kaush\Downloads\ProjectsCode\Startup VAYU\C++\3dGraphicEngine\engine" -I"C:\Users\kaush\Downloads\ProjectsCode\Startup VAYU\C++\3dGraphicEngine\engine\core" -external:I"C:\Users\kaush\Downloads\ProjectsCode\Startup VAYU\C++\3dGraphicEngine\vcpkg_installed\x64-windows\include" -external:I"C:\Users\kaush\Downloads\ProjectsCode\Startup VAYU\C++\3dGraphicEngine\vcpkg_installed\x64-windows\include\SDL2" -external:W0 /DWIN32 /D_WINDOWS /EHsc /Ob0 /Od /RTC1 -std:c++20 -MDd -Zi /W4 /WX /permissive- /MP /wd4251 /wd4275 /utf-8 /showIncludes /Foengine\platform\CMakeFiles\engine_platform.dir\window.cpp.obj /Fdengine\platform\CMakeFiles\engine_platform.dir\engine_platform.pdb /FS -c "C:\Users\kaush\Downloads\ProjectsCode\Startup VAYU\C++\3dGraphicEngine\engine\platform\window.cpp"
C:\Users\kaush\Downloads\ProjectsCode\Startup VAYU\C++\3dGraphicEngine\vcpkg_installed\x64-windows\include\glm\gtc\quaternion.inl(120): error C3861: 'assert': identifier not found
C:\Users\kaush\Downloads\ProjectsCode\Startup VAYU\C++\3dGraphicEngine\vcpkg_installed\x64-windows\include\glm\gtc\quaternion.inl(120): note: 'assert': function declaration must be available as none of the arguments depend on a template parameter
C:\Users\kaush\Downloads\ProjectsCode\Startup VAYU\C++\3dGraphicEngine\vcpkg_installed\x64-windows\include\glm/gtc/quaternion.hpp(98): note: This diagnostic occurred in the compiler generated function 'glm::qua<T,Q> glm::quat_cast(const glm::mat<3,3,T,Q> &)'
ninja: build stopped: subcommand failed.
