[1/9] Building CXX object engine\platform\CMakeFiles\engine_platform.dir\window.cpp.obj
FAILED: engine/platform/CMakeFiles/engine_platform.dir/window.cpp.obj 
C:\PROGRA~1\MICROS~3\18\COMMUN~1\VC\Tools\MSVC\1450~1.357\bin\Hostx64\x64\cl.exe  /nologo /TP -DFMT_SHARED -DGLM_ENABLE_EXPERIMENTAL -DNOMINMAX -DSPDLOG_COMPILED_LIB -DSPDLOG_FMT_EXTERNAL -DSPDLOG_SHARED_LIB -DWIN32_LEAN_AND_MEAN -I"C:\Users\kaush\Downloads\ProjectsCode\Startup VAYU\C++\3dGraphicEngine\engine\platform" -I"C:\Users\kaush\Downloads\ProjectsCode\Startup VAYU\C++\3dGraphicEngine\engine" -I"C:\Users\kaush\Downloads\ProjectsCode\Startup VAYU\C++\3dGraphicEngine\engine\core" -external:I"C:\Users\kaush\Downloads\ProjectsCode\Startup VAYU\C++\3dGraphicEngine\vcpkg_installed\x64-windows\include" -external:I"C:\Users\kaush\Downloads\ProjectsCode\Startup VAYU\C++\3dGraphicEngine\vcpkg_installed\x64-windows\include\SDL2" -external:W0 /DWIN32 /D_WINDOWS /EHsc /Ob0 /Od /RTC1 -std:c++20 -MDd -Zi /W4 /WX /permissive- /wd4251 /wd4275 /utf-8 /showIncludes /Foengine\platform\CMakeFiles\engine_platform.dir\window.cpp.obj /Fdengine\platform\CMakeFiles\engine_platform.dir\engine_platform.pdb /FS -c "C:\Users\kaush\Downloads\ProjectsCode\Startup VAYU\C++\3dGraphicEngine\engine\platform\window.cpp"
C:\Users\kaush\Downloads\ProjectsCode\Startup VAYU\C++\3dGraphicEngine\vcpkg_installed\x64-windows\include\glm\detail\type_vec4.inl(364): error C3861: 'assert': identifier not found
C:\Users\kaush\Downloads\ProjectsCode\Startup VAYU\C++\3dGraphicEngine\vcpkg_installed\x64-windows\include\glm\detail\type_vec4.inl(364): note: 'assert': function was not declared in the template definition context and can be found only via argument-dependent lookup in the instantiation context
C:\Users\kaush\Downloads\ProjectsCode\Startup VAYU\C++\3dGraphicEngine\vcpkg_installed\x64-windows\include\glm\detail\type_vec4.inl(364): note: the template instantiation context (the oldest one first) is
C:\Users\kaush\Downloads\ProjectsCode\Startup VAYU\C++\3dGraphicEngine\vcpkg_installed\x64-windows\include\glm\detail/func_packing.inl(106): note: see reference to class template instantiation 'glm::vec<4,glm::i8,glm::packed_highp>' being compiled
C:\Users\kaush\Downloads\ProjectsCode\Startup VAYU\C++\3dGraphicEngine\vcpkg_installed\x64-windows\include\glm\detail\type_vec4.inl(363): note: while compiling class template member function 'T &glm::vec<4,T,glm::packed_highp>::operator [](glm::vec<4,T,glm::packed_highp>::length_type)'
        with
        [
            T=glm::i8
        ]
C:\Users\kaush\Downloads\ProjectsCode\Startup VAYU\C++\3dGraphicEngine\vcpkg_installed\x64-windows\include\glm\detail/func_packing.inl(108): note: see the first reference to 'glm::vec<4,glm::i8,glm::packed_highp>::operator []' in 'glm::packSnorm4x8'
C:\Users\kaush\Downloads\ProjectsCode\Startup VAYU\C++\3dGraphicEngine\vcpkg_installed\x64-windows\include\glm\detail\type_vec2.inl(108): error C3861: 'assert': identifier not found
C:\Users\kaush\Downloads\ProjectsCode\Startup VAYU\C++\3dGraphicEngine\vcpkg_installed\x64-windows\include\glm\detail\type_vec2.inl(108): note: 'assert': function was not declared in the template definition context and can be found only via argument-dependent lookup in the instantiation context
C:\Users\kaush\Downloads\ProjectsCode\Startup VAYU\C++\3dGraphicEngine\vcpkg_installed\x64-windows\include\glm\detail\type_vec2.inl(108): note: the template instantiation context (the oldest one first) is
C:\Users\kaush\Downloads\ProjectsCode\Startup VAYU\C++\3dGraphicEngine\vcpkg_installed\x64-windows\include\glm\detail/func_packing.inl(46): note: see reference to class template instantiation 'glm::vec<2,glm::i16,glm::packed_highp>' being compiled
C:\Users\kaush\Downloads\ProjectsCode\Startup VAYU\C++\3dGraphicEngine\vcpkg_installed\x64-windows\include\glm\detail\type_vec2.inl(107): note: while compiling class template member function 'T &glm::vec<2,T,glm::packed_highp>::operator [](glm::vec<2,T,glm::packed_highp>::length_type)'
        with
        [
            T=glm::i16
        ]
C:\Users\kaush\Downloads\ProjectsCode\Startup VAYU\C++\3dGraphicEngine\vcpkg_installed\x64-windows\include\glm\detail/func_packing.inl(48): note: see the first reference to 'glm::vec<2,glm::i16,glm::packed_highp>::operator []' in 'glm::packSnorm2x16'
C:\Users\kaush\Downloads\ProjectsCode\Startup VAYU\C++\3dGraphicEngine\vcpkg_installed\x64-windows\include\glm\detail\type_vec2.inl(122): error C3861: 'assert': identifier not found
C:\Users\kaush\Downloads\ProjectsCode\Startup VAYU\C++\3dGraphicEngine\vcpkg_installed\x64-windows\include\glm\detail\type_vec2.inl(122): note: 'assert': function was not declared in the template definition context and can be found only via argument-dependent lookup in the instantiation context
C:\Users\kaush\Downloads\ProjectsCode\Startup VAYU\C++\3dGraphicEngine\vcpkg_installed\x64-windows\include\glm\detail\type_vec2.inl(122): note: the template instantiation context (the oldest one first) is
C:\Users\kaush\Downloads\ProjectsCode\Startup VAYU\C++\3dGraphicEngine\vcpkg_installed\x64-windows\include\glm\detail/func_packing.inl(137): note: see reference to class template instantiation 'glm::vec<2,glm::uint,glm::packed_highp>' being compiled
C:\Users\kaush\Downloads\ProjectsCode\Startup VAYU\C++\3dGraphicEngine\vcpkg_installed\x64-windows\include\glm\detail\type_vec2.inl(121): note: while compiling class template member function 'const T &glm::vec<2,T,glm::packed_highp>::operator [](glm::vec<2,T,glm::packed_highp>::length_type) const'
        with
        [
            T=glm::uint
        ]
C:\Users\kaush\Downloads\ProjectsCode\Startup VAYU\C++\3dGraphicEngine\vcpkg_installed\x64-windows\include\glm\detail/func_packing.inl(137): note: see the first reference to 'glm::vec<2,glm::uint,glm::packed_highp>::operator []' in 'glm::packDouble2x32'
ninja: build stopped: subcommand failed.
